开始执行脚本
开始mysql文件
已生成mysql文件
删除超过两个月的sql
Already up-to-date.
[master e8d77cc] update sql
 3 files changed, 371 insertions(+), 770 deletions(-)
 create mode 100644 practice_20190713_123401.sql
 rewrite update.log (99%)
To git@github.com:501658362/mysqlbackup.git
   d1e1d9e..e8d77cc  master -> master
Branch master set up to track remote branch master from origin.
开始执行脚本
开始mysql文件
已生成mysql文件
删除超过两个月的sql
Already up-to-date.
[master 623af95] update sql
 2 files changed, 377 insertions(+)
 create mode 100644 practice_20190714_123401.sql
To git@github.com:501658362/mysqlbackup.git
   e8d77cc..623af95  master -> master
Branch master set up to track remote branch master from origin.
开始执行脚本
开始mysql文件
已生成mysql文件
删除超过两个月的sql
Already up-to-date.
[master 05fea0f] update sql
 2 files changed, 376 insertions(+)
 create mode 100644 practice_20190715_123401.sql
To git@github.com:501658362/mysqlbackup.git
   623af95..05fea0f  master -> master
Branch master set up to track remote branch master from origin.
开始执行脚本
开始mysql文件
已生成mysql文件
删除超过两个月的sql
Already up-to-date.
[master 259db7b] update sql
 2 files changed, 376 insertions(+)
 create mode 100644 practice_20190716_123401.sql
To git@github.com:501658362/mysqlbackup.git
   05fea0f..259db7b  master -> master
Branch master set up to track remote branch master from origin.
开始执行脚本
开始mysql文件
已生成mysql文件
删除超过两个月的sql
Already up-to-date.
[master 650ef56] update sql
 2 files changed, 376 insertions(+)
 create mode 100644 practice_20190717_123401.sql
To git@github.com:501658362/mysqlbackup.git
   259db7b..650ef56  master -> master
Branch master set up to track remote branch master from origin.
开始执行脚本
开始mysql文件
已生成mysql文件
删除超过两个月的sql
Already up-to-date.
[master f373769] update sql
 2 files changed, 376 insertions(+)
 create mode 100644 practice_20190718_123401.sql
To git@github.com:501658362/mysqlbackup.git
   650ef56..f373769  master -> master
Branch master set up to track remote branch master from origin.
开始执行脚本
开始mysql文件
已生成mysql文件
删除超过两个月的sql
Already up-to-date.
[master 255fc1e] update sql
 2 files changed, 376 insertions(+)
 create mode 100644 practice_20190719_123401.sql
To git@github.com:501658362/mysqlbackup.git
   f373769..255fc1e  master -> master
Branch master set up to track remote branch master from origin.
开始执行脚本
开始mysql文件
已生成mysql文件
删除超过两个月的sql
Already up-to-date.
[master a3e3a87] update sql
 2 files changed, 376 insertions(+)
 create mode 100644 practice_20190720_123401.sql
To git@github.com:501658362/mysqlbackup.git
   255fc1e..a3e3a87  master -> master
Branch master set up to track remote branch master from origin.
开始执行脚本
开始mysql文件
已生成mysql文件
删除超过两个月的sql
Already up-to-date.
[master 9e6ed38] update sql
 2 files changed, 376 insertions(+)
 create mode 100644 practice_20190721_123401.sql
To git@github.com:501658362/mysqlbackup.git
   a3e3a87..9e6ed38  master -> master
Branch master set up to track remote branch master from origin.
开始执行脚本
开始mysql文件
已生成mysql文件
删除超过两个月的sql
Already up-to-date.
[master ee3b318] update sql
 2 files changed, 376 insertions(+)
 create mode 100644 practice_20190722_123401.sql
To git@github.com:501658362/mysqlbackup.git
   9e6ed38..ee3b318  master -> master
Branch master set up to track remote branch master from origin.
开始执行脚本
开始mysql文件
已生成mysql文件
删除超过两个月的sql
Already up-to-date.
[master cbaf788] update sql
 2 files changed, 376 insertions(+)
 create mode 100644 practice_20190723_123401.sql
To git@github.com:501658362/mysqlbackup.git
   ee3b318..cbaf788  master -> master
Branch master set up to track remote branch master from origin.
开始执行脚本
开始mysql文件
已生成mysql文件
删除超过两个月的sql
Already up-to-date.
[master e7cef77] update sql
 2 files changed, 376 insertions(+)
 create mode 100644 practice_20190724_123401.sql
To git@github.com:501658362/mysqlbackup.git
   cbaf788..e7cef77  master -> master
Branch master set up to track remote branch master from origin.
开始执行脚本
开始mysql文件
已生成mysql文件
删除超过两个月的sql
Already up-to-date.
[master a9846b8] update sql
 2 files changed, 376 insertions(+)
 create mode 100644 practice_20190725_123401.sql
To git@github.com:501658362/mysqlbackup.git
   e7cef77..a9846b8  master -> master
Branch master set up to track remote branch master from origin.
开始执行脚本
开始mysql文件
已生成mysql文件
删除超过两个月的sql
Already up-to-date.
[master ab91d14] update sql
 2 files changed, 376 insertions(+)
 create mode 100644 practice_20190726_123401.sql
To git@github.com:501658362/mysqlbackup.git
   a9846b8..ab91d14  master -> master
Branch master set up to track remote branch master from origin.
开始执行脚本
开始mysql文件
已生成mysql文件
删除超过两个月的sql
Already up-to-date.
[master fa1dc75] update sql
 2 files changed, 376 insertions(+)
 create mode 100644 practice_20190727_123401.sql
To git@github.com:501658362/mysqlbackup.git
   ab91d14..fa1dc75  master -> master
Branch master set up to track remote branch master from origin.
开始执行脚本
开始mysql文件
已生成mysql文件
删除超过两个月的sql
Already up-to-date.
[master b57c8e8] update sql
 2 files changed, 376 insertions(+)
 create mode 100644 practice_20190728_123401.sql
To git@github.com:501658362/mysqlbackup.git
   fa1dc75..b57c8e8  master -> master
Branch master set up to track remote branch master from origin.
开始执行脚本
开始mysql文件
已生成mysql文件
删除超过两个月的sql
Already up-to-date.
[master fdd505a] update sql
 2 files changed, 376 insertions(+)
 create mode 100644 practice_20190729_123401.sql
To git@github.com:501658362/mysqlbackup.git
   b57c8e8..fdd505a  master -> master
Branch master set up to track remote branch master from origin.
开始执行脚本
开始mysql文件
已生成mysql文件
删除超过两个月的sql
Already up-to-date.
[master 74491b1] update sql
 2 files changed, 376 insertions(+)
 create mode 100644 practice_20190730_123401.sql
To git@github.com:501658362/mysqlbackup.git
   fdd505a..74491b1  master -> master
Branch master set up to track remote branch master from origin.
开始执行脚本
开始mysql文件
已生成mysql文件
删除超过两个月的sql
Already up-to-date.
